<?xml version="1.0" encoding="UTF-8"?>
<testng-results skipped="0" failed="0" ignored="0" total="1" passed="1">
  <reporter-output>
  </reporter-output>
  <suite name="Default suite" duration-ms="32961" started-at="2021-10-13T11:11:05 IST" finished-at="2021-10-13T11:11:38 IST">
    <groups>
    </groups>
    <test name="Default test" duration-ms="32961" started-at="2021-10-13T11:11:05 IST" finished-at="2021-10-13T11:11:38 IST">
      <class name="com.mindtree.Runner.Runner">
        <test-method status="PASS" signature="setup()[pri:0, instance:com.mindtree.Runner.Runner@5e25a92e]" name="setup" is-config="true" duration-ms="2127" started-at="2021-10-13T11:11:05 IST" finished-at="2021-10-13T11:11:08 IST">
          <reporter-output>
          </reporter-output>
        </test-method> <!-- setup -->
        <test-method status="PASS" signature="OrderDress()[pri:0, instance:com.mindtree.Runner.Runner@5e25a92e]" name="OrderDress" duration-ms="30789" started-at="2021-10-13T11:11:08 IST" finished-at="2021-10-13T11:11:38 IST">
          <reporter-output>
          </reporter-output>
        </test-method> <!-- OrderDress -->
      </class> <!-- com.mindtree.Runner.Runner -->
    </test> <!-- Default test -->
  </suite> <!-- Default suite -->
</testng-results>
